0 info it worked if it ends with ok
1 verbose cli [ '/usr/bin/node', '/usr/bin/npm', 'run', 'build' ]
2 info using npm@3.5.2
3 info using node@v6.12.0
4 verbose run-script [ 'prebuild', 'build', 'postbuild' ]
5 info lifecycle gs@1.0.0~prebuild: gs@1.0.0
6 silly lifecycle gs@1.0.0~prebuild: no script for prebuild, continuing
7 info lifecycle gs@1.0.0~build: gs@1.0.0
8 verbose lifecycle gs@1.0.0~build: unsafe-perm in lifecycle true
9 verbose lifecycle gs@1.0.0~build: PATH: /usr/share/npm/bin/node-gyp-bin:/home/alex/projects/gs/gs-dashboard/gs_dashboard/assets/node_modules/.bin:/home/alex/.local/bin:/usr/local/sbin:/usr/local/bin:/usr/sbin:/usr/bin:/sbin:/bin:/usr/games:/usr/local/games:/snap/bin
10 verbose lifecycle gs@1.0.0~build: CWD: /home/alex/projects/gs/gs-dashboard/gs_dashboard/assets
11 silly lifecycle gs@1.0.0~build: Args: [ '-c', 'webpack' ]
12 silly lifecycle gs@1.0.0~build: Returned: code: 2  signal: null
13 info lifecycle gs@1.0.0~build: Failed to exec build script
14 verbose stack Error: gs@1.0.0 build: `webpack`
14 verbose stack Exit status 2
14 verbose stack     at EventEmitter.<anonymous> (/usr/share/npm/lib/utils/lifecycle.js:232:16)
14 verbose stack     at emitTwo (events.js:106:13)
14 verbose stack     at EventEmitter.emit (events.js:191:7)
14 verbose stack     at ChildProcess.<anonymous> (/usr/share/npm/lib/utils/spawn.js:24:14)
14 verbose stack     at emitTwo (events.js:106:13)
14 verbose stack     at ChildProcess.emit (events.js:191:7)
14 verbose stack     at maybeClose (internal/child_process.js:920:16)
14 verbose stack     at Process.ChildProcess._handle.onexit (internal/child_process.js:230:5)
15 verbose pkgid gs@1.0.0
16 verbose cwd /home/alex/projects/gs/gs-dashboard/gs_dashboard/assets
17 error Linux 4.15.0-12-generic
18 error argv "/usr/bin/node" "/usr/bin/npm" "run" "build"
19 error node v6.12.0
20 error npm  v3.5.2
21 error code ELIFECYCLE
22 error gs@1.0.0 build: `webpack`
22 error Exit status 2
23 error Failed at the gs@1.0.0 build script 'webpack'.
23 error Make sure you have the latest version of node.js and npm installed.
23 error If you do, this is most likely a problem with the gs package,
23 error not with npm itself.
23 error Tell the author that this fails on your system:
23 error     webpack
23 error You can get information on how to open an issue for this project with:
23 error     npm bugs gs
23 error Or if that isn't available, you can get their info via:
23 error     npm owner ls gs
23 error There is likely additional logging output above.
24 verbose exit [ 1, true ]
